This is pdfTeX, Version 3.14159265-2.6-1.40.19 (TeX Live 2018) (preloaded format=pdflatex 2018.10.26)  8 NOV 2018 11:15
entering extended mode
 restricted \write18 enabled.
 file:line:error style messages enabled.
 %&-line parsing enabled.
**WhitePaper_EN-1.tex
(./WhitePaper_EN-1.tex
LaTeX2e <2018-04-01> patch level 2
Babel <3.18> and hyphenation patterns for 84 language(s) loaded.
(/usr/local/texlive/2018/texmf-dist/tex/latex/base/article.cls
Document Class: article 2014/09/29 v1.4h Standard LaTeX document class
(/usr/local/texlive/2018/texmf-dist/tex/latex/base/size10.clo
File: size10.clo 2014/09/29 v1.4h Standard LaTeX file (size option)
)
\c@part=\count80
\c@section=\count81
\c@subsection=\count82
\c@subsubsection=\count83
\c@paragraph=\count84
\c@subparagraph=\count85
\c@figure=\count86
\c@table=\count87
\abovecaptionskip=\skip41
\belowcaptionskip=\skip42
\bibindent=\dimen102
)
(/usr/local/texlive/2018/texmf-dist/tex/latex/geometry/geometry.sty
Package: geometry 2018/03/24 v5.7 Page Geometry

(/usr/local/texlive/2018/texmf-dist/tex/latex/graphics/keyval.sty
Package: keyval 2014/10/28 v1.15 key=value parser (DPC)
\KV@toks@=\toks14
)
(/usr/local/texlive/2018/texmf-dist/tex/generic/oberdiek/ifpdf.sty
Package: ifpdf 2017/03/15 v3.2 Provides the ifpdf switch
)
(/usr/local/texlive/2018/texmf-dist/tex/generic/oberdiek/ifvtex.sty
Package: ifvtex 2016/05/16 v1.6 Detect VTeX and its facilities (HO)
Package ifvtex Info: VTeX not detected.
)
(/usr/local/texlive/2018/texmf-dist/tex/generic/ifxetex/ifxetex.sty
Package: ifxetex 2010/09/12 v0.6 Provides ifxetex conditional
)
\Gm@cnth=\count88
\Gm@cntv=\count89
\c@Gm@tempcnt=\count90
\Gm@bindingoffset=\dimen103
\Gm@wd@mp=\dimen104
\Gm@odd@mp=\dimen105
\Gm@even@mp=\dimen106
\Gm@layoutwidth=\dimen107
\Gm@layoutheight=\dimen108
\Gm@layouthoffset=\dimen109
\Gm@layoutvoffset=\dimen110
\Gm@dimlist=\toks15
)
(/usr/local/texlive/2018/texmf-dist/tex/latex/amsmath/amsmath.sty
Package: amsmath 2017/09/02 v2.17a AMS math features
\@mathmargin=\skip43

For additional information on amsmath, use the `?' option.
(/usr/local/texlive/2018/texmf-dist/tex/latex/amsmath/amstext.sty
Package: amstext 2000/06/29 v2.01 AMS text

(/usr/local/texlive/2018/texmf-dist/tex/latex/amsmath/amsgen.sty
File: amsgen.sty 1999/11/30 v2.0 generic functions
\@emptytoks=\toks16
\ex@=\dimen111
))
(/usr/local/texlive/2018/texmf-dist/tex/latex/amsmath/amsbsy.sty
Package: amsbsy 1999/11/29 v1.2d Bold Symbols
\pmbraise@=\dimen112
)
(/usr/local/texlive/2018/texmf-dist/tex/latex/amsmath/amsopn.sty
Package: amsopn 2016/03/08 v2.02 operator names
)
\inf@bad=\count91
LaTeX Info: Redefining \frac on input line 213.
\uproot@=\count92
\leftroot@=\count93
LaTeX Info: Redefining \overline on input line 375.
\classnum@=\count94
\DOTSCASE@=\count95
LaTeX Info: Redefining \ldots on input line 472.
LaTeX Info: Redefining \dots on input line 475.
LaTeX Info: Redefining \cdots on input line 596.
\Mathstrutbox@=\box26
\strutbox@=\box27
\big@size=\dimen113
LaTeX Font Info:    Redeclaring font encoding OML on input line 712.
LaTeX Font Info:    Redeclaring font encoding OMS on input line 713.
\macc@depth=\count96
\c@MaxMatrixCols=\count97
\dotsspace@=\muskip10
\c@parentequation=\count98
\dspbrk@lvl=\count99
\tag@help=\toks17
\row@=\count100
\column@=\count101
\maxfields@=\count102
\andhelp@=\toks18
\eqnshift@=\dimen114
\alignsep@=\dimen115
\tagshift@=\dimen116
\tagwidth@=\dimen117
\totwidth@=\dimen118
\lineht@=\dimen119
\@envbody=\toks19
\multlinegap=\skip44
\multlinetaggap=\skip45
\mathdisplay@stack=\toks20
LaTeX Info: Redefining \[ on input line 2817.
LaTeX Info: Redefining \] on input line 2818.
)
(/usr/local/texlive/2018/texmf-dist/tex/latex/amsfonts/amssymb.sty
Package: amssymb 2013/01/14 v3.01 AMS font symbols

(/usr/local/texlive/2018/texmf-dist/tex/latex/amsfonts/amsfonts.sty
Package: amsfonts 2013/01/14 v3.01 Basic AMSFonts support
\symAMSa=\mathgroup4
\symAMSb=\mathgroup5
LaTeX Font Info:    Overwriting math alphabet `\mathfrak' in version `bold'
(Font)                  U/euf/m/n --> U/euf/b/n on input line 106.
))
(/usr/local/texlive/2018/texmf-dist/tex/latex/amscls/amsthm.sty
Package: amsthm 2017/10/31 v2.20.4
\thm@style=\toks21
\thm@bodyfont=\toks22
\thm@headfont=\toks23
\thm@notefont=\toks24
\thm@headpunct=\toks25
\thm@preskip=\skip46
\thm@postskip=\skip47
\thm@headsep=\skip48
\dth@everypar=\toks26
)
(/usr/local/texlive/2018/texmf-dist/tex/latex/graphics/graphicx.sty
Package: graphicx 2017/06/01 v1.1a Enhanced LaTeX Graphics (DPC,SPQR)

(/usr/local/texlive/2018/texmf-dist/tex/latex/graphics/graphics.sty
Package: graphics 2017/06/25 v1.2c Standard LaTeX Graphics (DPC,SPQR)

(/usr/local/texlive/2018/texmf-dist/tex/latex/graphics/trig.sty
Package: trig 2016/01/03 v1.10 sin cos tan (DPC)
)
(/usr/local/texlive/2018/texmf-dist/tex/latex/graphics-cfg/graphics.cfg
File: graphics.cfg 2016/06/04 v1.11 sample graphics configuration
)
Package graphics Info: Driver file: pdftex.def on input line 99.

(/usr/local/texlive/2018/texmf-dist/tex/latex/graphics-def/pdftex.def
File: pdftex.def 2018/01/08 v1.0l Graphics/color driver for pdftex
))
\Gin@req@height=\dimen120
\Gin@req@width=\dimen121
)
(/usr/local/texlive/2018/texmf-dist/tex/latex/tools/array.sty
Package: array 2018/04/07 v2.4g Tabular extension package (FMi)
\col@sep=\dimen122
\ar@mcellbox=\box28
\extrarowheight=\dimen123
\NC@list=\toks27
\extratabsurround=\skip49
\backup@length=\skip50
\ar@cellbox=\box29
)
(/usr/local/texlive/2018/texmf-dist/tex/latex/microtype/microtype.sty
Package: microtype 2018/01/14 v2.7a Micro-typographical refinements (RS)
\MT@toks=\toks28
\MT@count=\count103
LaTeX Info: Redefining \textls on input line 793.
\MT@outer@kern=\dimen124
LaTeX Info: Redefining \textmicrotypecontext on input line 1339.
\MT@listname@count=\count104

(/usr/local/texlive/2018/texmf-dist/tex/latex/microtype/microtype-pdftex.def
File: microtype-pdftex.def 2018/01/14 v2.7a Definitions specific to pdftex (RS)

LaTeX Info: Redefining \lsstyle on input line 913.
LaTeX Info: Redefining \lslig on input line 913.
\MT@outer@space=\skip51
)
Package microtype Info: Loading configuration file microtype.cfg.

(/usr/local/texlive/2018/texmf-dist/tex/latex/microtype/microtype.cfg
File: microtype.cfg 2018/01/14 v2.7a microtype main configuration file (RS)
))
(/usr/local/texlive/2018/texmf-dist/tex/latex/listings/listings.sty
\lst@mode=\count105
\lst@gtempboxa=\box30
\lst@token=\toks29
\lst@length=\count106
\lst@currlwidth=\dimen125
\lst@column=\count107
\lst@pos=\count108
\lst@lostspace=\dimen126
\lst@width=\dimen127
\lst@newlines=\count109
\lst@lineno=\count110
\lst@maxwidth=\dimen128

(/usr/local/texlive/2018/texmf-dist/tex/latex/listings/lstmisc.sty
File: lstmisc.sty 2015/06/04 1.6 (Carsten Heinz)
\c@lstnumber=\count111
\lst@skipnumbers=\count112
\lst@framebox=\box31
)
(/usr/local/texlive/2018/texmf-dist/tex/latex/listings/listings.cfg
File: listings.cfg 2015/06/04 1.6 listings configuration
))
Package: listings 2015/06/04 1.6 (Carsten Heinz)

(/usr/local/texlive/2018/texmf-dist/tex/generic/ulem/ulem.sty
\UL@box=\box32
\UL@hyphenbox=\box33
\UL@skip=\skip52
\UL@hook=\toks30
\UL@height=\dimen129
\UL@pe=\count113
\UL@pixel=\dimen130
\ULC@box=\box34
Package: ulem 2012/05/18
\ULdepth=\dimen131
)
(/usr/local/texlive/2018/texmf-dist/tex/latex/algorithmicx/algpseudocode.sty
Package: algpseudocode 

(/usr/local/texlive/2018/texmf-dist/tex/latex/base/ifthen.sty
Package: ifthen 2014/09/29 v1.1c Standard LaTeX ifthen package (DPC)
)
(/usr/local/texlive/2018/texmf-dist/tex/latex/algorithmicx/algorithmicx.sty
Package: algorithmicx 2005/04/27 v1.2 Algorithmicx

Document Style algorithmicx 1.2 - a greatly improved `algorithmic' style
\c@ALG@line=\count114
\c@ALG@rem=\count115
\c@ALG@nested=\count116
\ALG@tlm=\skip53
\ALG@thistlm=\skip54
\c@ALG@Lnr=\count117
\c@ALG@blocknr=\count118
\c@ALG@storecount=\count119
\c@ALG@tmpcounter=\count120
\ALG@tmplength=\skip55
)
Document Style - pseudocode environments for use with the `algorithmicx' style
) (/usr/local/texlive/2018/texmf-dist/tex/latex/hyperref/hyperref.sty
Package: hyperref 2018/02/06 v6.86b Hypertext links for LaTeX

(/usr/local/texlive/2018/texmf-dist/tex/generic/oberdiek/hobsub-hyperref.sty
Package: hobsub-hyperref 2016/05/16 v1.14 Bundle oberdiek, subset hyperref (HO)


(/usr/local/texlive/2018/texmf-dist/tex/generic/oberdiek/hobsub-generic.sty
Package: hobsub-generic 2016/05/16 v1.14 Bundle oberdiek, subset generic (HO)
Package: hobsub 2016/05/16 v1.14 Construct package bundles (HO)
Package: infwarerr 2016/05/16 v1.4 Providing info/warning/error messages (HO)
Package: ltxcmds 2016/05/16 v1.23 LaTeX kernel commands for general use (HO)
Package: ifluatex 2016/05/16 v1.4 Provides the ifluatex switch (HO)
Package ifluatex Info: LuaTeX not detected.
Package hobsub Info: Skipping package `ifvtex' (already loaded).
Package: intcalc 2016/05/16 v1.2 Expandable calculations with integers (HO)
Package hobsub Info: Skipping package `ifpdf' (already loaded).
Package: etexcmds 2016/05/16 v1.6 Avoid name clashes with e-TeX commands (HO)
Package etexcmds Info: Could not find \expanded.
(etexcmds)             That can mean that you are not using pdfTeX 1.50 or
(etexcmds)             that some package has redefined \expanded.
(etexcmds)             In the latter case, load this package earlier.
Package: kvsetkeys 2016/05/16 v1.17 Key value parser (HO)
Package: kvdefinekeys 2016/05/16 v1.4 Define keys (HO)
Package: pdftexcmds 2018/01/30 v0.27 Utility functions of pdfTeX for LuaTeX (HO
)
Package pdftexcmds Info: LuaTeX not detected.
Package pdftexcmds Info: \pdf@primitive is available.
Package pdftexcmds Info: \pdf@ifprimitive is available.
Package pdftexcmds Info: \pdfdraftmode found.
Package: pdfescape 2016/05/16 v1.14 Implements pdfTeX's escape features (HO)
Package: bigintcalc 2016/05/16 v1.4 Expandable calculations on big integers (HO
)
Package: bitset 2016/05/16 v1.2 Handle bit-vector datatype (HO)
Package: uniquecounter 2016/05/16 v1.3 Provide unlimited unique counter (HO)
)
Package hobsub Info: Skipping package `hobsub' (already loaded).
Package: letltxmacro 2016/05/16 v1.5 Let assignment for LaTeX macros (HO)
Package: hopatch 2016/05/16 v1.3 Wrapper for package hooks (HO)
Package: xcolor-patch 2016/05/16 xcolor patch
Package: atveryend 2016/05/16 v1.9 Hooks at the very end of document (HO)
Package atveryend Info: \enddocument detected (standard20110627).
Package: atbegshi 2016/06/09 v1.18 At begin shipout hook (HO)
Package: refcount 2016/05/16 v3.5 Data extraction from label references (HO)
Package: hycolor 2016/05/16 v1.8 Color options for hyperref/bookmark (HO)
)
(/usr/local/texlive/2018/texmf-dist/tex/latex/oberdiek/auxhook.sty
Package: auxhook 2016/05/16 v1.4 Hooks for auxiliary files (HO)
)
(/usr/local/texlive/2018/texmf-dist/tex/latex/oberdiek/kvoptions.sty
Package: kvoptions 2016/05/16 v3.12 Key value format for package options (HO)
)
\@linkdim=\dimen132
\Hy@linkcounter=\count121
\Hy@pagecounter=\count122

(/usr/local/texlive/2018/texmf-dist/tex/latex/hyperref/pd1enc.def
File: pd1enc.def 2018/02/06 v6.86b Hyperref: PDFDocEncoding definition (HO)
Now handling font encoding PD1 ...
... no UTF-8 mapping file for font encoding PD1
)
\Hy@SavedSpaceFactor=\count123

(/usr/local/texlive/2018/texmf-dist/tex/latex/latexconfig/hyperref.cfg
File: hyperref.cfg 2002/06/06 v1.2 hyperref configuration of TeXLive
)
Package hyperref Info: Hyper figures OFF on input line 4509.
Package hyperref Info: Link nesting OFF on input line 4514.
Package hyperref Info: Hyper index ON on input line 4517.
Package hyperref Info: Plain pages OFF on input line 4524.
Package hyperref Info: Backreferencing OFF on input line 4529.
Package hyperref Info: Implicit mode ON; LaTeX internals redefined.
Package hyperref Info: Bookmarks ON on input line 4762.
\c@Hy@tempcnt=\count124

(/usr/local/texlive/2018/texmf-dist/tex/latex/url/url.sty
\Urlmuskip=\muskip11
Package: url 2013/09/16  ver 3.4  Verb mode for urls, etc.
)
LaTeX Info: Redefining \url on input line 5115.
\XeTeXLinkMargin=\dimen133
\Fld@menulength=\count125
\Field@Width=\dimen134
\Fld@charsize=\dimen135
Package hyperref Info: Hyper figures OFF on input line 6369.
Package hyperref Info: Link nesting OFF on input line 6374.
Package hyperref Info: Hyper index ON on input line 6377.
Package hyperref Info: backreferencing OFF on input line 6384.
Package hyperref Info: Link coloring OFF on input line 6389.
Package hyperref Info: Link coloring with OCG OFF on input line 6394.
Package hyperref Info: PDF/A mode OFF on input line 6399.
LaTeX Info: Redefining \ref on input line 6439.
LaTeX Info: Redefining \pageref on input line 6443.
\Hy@abspage=\count126
\c@Item=\count127
\c@Hfootnote=\count128
)
Package hyperref Info: Driver (autodetected): hpdftex.

(/usr/local/texlive/2018/texmf-dist/tex/latex/hyperref/hpdftex.def
File: hpdftex.def 2018/02/06 v6.86b Hyperref driver for pdfTeX
\Fld@listcount=\count129
\c@bookmark@seq@number=\count130

(/usr/local/texlive/2018/texmf-dist/tex/latex/oberdiek/rerunfilecheck.sty
Package: rerunfilecheck 2016/05/16 v1.8 Rerun checks for auxiliary files (HO)
Package uniquecounter Info: New unique counter `rerunfilecheck' on input line 2
82.
)
\Hy@SectionHShift=\skip56
)
(/usr/local/texlive/2018/texmf-dist/tex/latex/algorithm2e/algorithm2e.sty
Package: algorithm2e 2017/07/18 v5.2 algorithms environments
\c@AlgoLine=\count131
\algocf@hangindent=\skip57

(/usr/local/texlive/2018/texmf-dist/tex/latex/ifoddpage/ifoddpage.sty
Package: ifoddpage 2016/04/23 v1.1 Conditionals for odd/even page detection
\c@checkoddpage=\count132
)
(/usr/local/texlive/2018/texmf-dist/tex/latex/tools/xspace.sty
Package: xspace 2014/10/28 v1.13 Space after command names (DPC,MH)
)
(/usr/local/texlive/2018/texmf-dist/tex/latex/relsize/relsize.sty
Package: relsize 2013/03/29 ver 4.1
)
\skiptotal=\skip58
\skiplinenumber=\skip59
\skiprule=\skip60
\skiphlne=\skip61
\skiptext=\skip62
\skiplength=\skip63
\algomargin=\skip64
\skipalgocfslide=\skip65
\algowidth=\dimen136
\inoutsize=\dimen137
\inoutindent=\dimen138
\interspacetitleruled=\dimen139
\interspacealgoruled=\dimen140
\interspacetitleboxruled=\dimen141
\algocf@ruledwidth=\skip66
\algocf@inoutbox=\box35
\algocf@inputbox=\box36
\AlCapSkip=\skip67
\AlCapHSkip=\skip68
\algoskipindent=\skip69
\algocf@nlbox=\box37
\algocf@hangingbox=\box38
\algocf@untilbox=\box39
\algocf@skipuntil=\skip70
\algocf@capbox=\box40
\algocf@lcaptionbox=\skip71
\algoheightruledefault=\skip72
\algoheightrule=\skip73
\algotitleheightruledefault=\skip74
\algotitleheightrule=\skip75
\c@algocfline=\count133
\c@algocfproc=\count134
\c@algocf=\count135
\algocf@algoframe=\box41
\algocf@algobox=\box42
)
(/usr/local/texlive/2018/texmf-dist/tex/latex/pxfonts/pxfonts.sty
Package: pxfonts 2008/01/22 v1.1.1
LaTeX Font Info:    Redeclaring symbol font `operators' on input line 21.
LaTeX Font Info:    Overwriting symbol font `operators' in version `normal'
(Font)                  OT1/cmr/m/n --> OT1/pxr/m/n on input line 21.
LaTeX Font Info:    Overwriting symbol font `operators' in version `bold'
(Font)                  OT1/cmr/bx/n --> OT1/pxr/m/n on input line 21.
LaTeX Font Info:    Overwriting symbol font `operators' in version `bold'
(Font)                  OT1/pxr/m/n --> OT1/pxr/bx/n on input line 22.
\symitalic=\mathgroup6
LaTeX Font Info:    Overwriting symbol font `italic' in version `bold'
(Font)                  OT1/pxr/m/it --> OT1/pxr/bx/it on input line 26.
LaTeX Font Info:    Redeclaring math alphabet \mathbf on input line 29.
LaTeX Font Info:    Overwriting math alphabet `\mathbf' in version `normal'
(Font)                  OT1/cmr/bx/n --> OT1/pxr/bx/n on input line 29.
LaTeX Font Info:    Overwriting math alphabet `\mathbf' in version `bold'
(Font)                  OT1/cmr/bx/n --> OT1/pxr/bx/n on input line 29.
LaTeX Font Info:    Redeclaring math alphabet \mathit on input line 30.
LaTeX Font Info:    Overwriting math alphabet `\mathit' in version `normal'
(Font)                  OT1/cmr/m/it --> OT1/pxr/m/it on input line 30.
LaTeX Font Info:    Overwriting math alphabet `\mathit' in version `bold'
(Font)                  OT1/cmr/bx/it --> OT1/pxr/m/it on input line 30.
LaTeX Font Info:    Overwriting math alphabet `\mathit' in version `bold'
(Font)                  OT1/pxr/m/it --> OT1/pxr/bx/it on input line 31.
LaTeX Font Info:    Redeclaring math alphabet \mathsf on input line 40.
LaTeX Font Info:    Overwriting math alphabet `\mathsf' in version `normal'
(Font)                  OT1/cmss/m/n --> OT1/pxss/m/n on input line 40.
LaTeX Font Info:    Overwriting math alphabet `\mathsf' in version `bold'
(Font)                  OT1/cmss/bx/n --> OT1/pxss/m/n on input line 40.
LaTeX Font Info:    Overwriting math alphabet `\mathsf' in version `bold'
(Font)                  OT1/pxss/m/n --> OT1/pxss/b/n on input line 41.
LaTeX Font Info:    Redeclaring math alphabet \mathtt on input line 50.
LaTeX Font Info:    Overwriting math alphabet `\mathtt' in version `normal'
(Font)                  OT1/cmtt/m/n --> OT1/pxtt/m/n on input line 50.
LaTeX Font Info:    Overwriting math alphabet `\mathtt' in version `bold'
(Font)                  OT1/cmtt/m/n --> OT1/pxtt/m/n on input line 50.
LaTeX Font Info:    Overwriting math alphabet `\mathtt' in version `bold'
(Font)                  OT1/pxtt/m/n --> OT1/pxtt/b/n on input line 51.
LaTeX Font Info:    Redeclaring symbol font `letters' on input line 58.
LaTeX Font Info:    Overwriting symbol font `letters' in version `normal'
(Font)                  OML/cmm/m/it --> OML/pxmi/m/it on input line 58.
LaTeX Font Info:    Overwriting symbol font `letters' in version `bold'
(Font)                  OML/cmm/b/it --> OML/pxmi/m/it on input line 58.
LaTeX Font Info:    Overwriting symbol font `letters' in version `bold'
(Font)                  OML/pxmi/m/it --> OML/pxmi/bx/it on input line 59.
\symlettersA=\mathgroup7
LaTeX Font Info:    Overwriting symbol font `lettersA' in version `bold'
(Font)                  U/pxmia/m/it --> U/pxmia/bx/it on input line 67.
LaTeX Font Info:    Redeclaring math alphabet \mathfrak on input line 70.
LaTeX Font Info:    Redeclaring symbol font `symbols' on input line 77.
LaTeX Font Info:    Overwriting symbol font `symbols' in version `normal'
(Font)                  OMS/cmsy/m/n --> OMS/pxsy/m/n on input line 77.
LaTeX Font Info:    Overwriting symbol font `symbols' in version `bold'
(Font)                  OMS/cmsy/b/n --> OMS/pxsy/m/n on input line 77.
LaTeX Font Info:    Overwriting symbol font `symbols' in version `bold'
(Font)                  OMS/pxsy/m/n --> OMS/pxsy/bx/n on input line 78.
LaTeX Font Info:    Redeclaring symbol font `AMSa' on input line 93.
LaTeX Font Info:    Overwriting symbol font `AMSa' in version `normal'
(Font)                  U/msa/m/n --> U/pxsya/m/n on input line 93.
LaTeX Font Info:    Overwriting symbol font `AMSa' in version `bold'
(Font)                  U/msa/m/n --> U/pxsya/m/n on input line 93.
LaTeX Font Info:    Overwriting symbol font `AMSa' in version `bold'
(Font)                  U/pxsya/m/n --> U/pxsya/bx/n on input line 94.
LaTeX Font Info:    Redeclaring symbol font `AMSb' on input line 102.
LaTeX Font Info:    Overwriting symbol font `AMSb' in version `normal'
(Font)                  U/msb/m/n --> U/pxsyb/m/n on input line 102.
LaTeX Font Info:    Overwriting symbol font `AMSb' in version `bold'
(Font)                  U/msb/m/n --> U/pxsyb/m/n on input line 102.
LaTeX Font Info:    Overwriting symbol font `AMSb' in version `bold'
(Font)                  U/pxsyb/m/n --> U/pxsyb/bx/n on input line 103.
\symsymbolsC=\mathgroup8
LaTeX Font Info:    Overwriting symbol font `symbolsC' in version `bold'
(Font)                  U/pxsyc/m/n --> U/pxsyc/bx/n on input line 113.
LaTeX Font Info:    Redeclaring symbol font `largesymbols' on input line 120.
LaTeX Font Info:    Overwriting symbol font `largesymbols' in version `normal'
(Font)                  OMX/cmex/m/n --> OMX/pxex/m/n on input line 120.
LaTeX Font Info:    Overwriting symbol font `largesymbols' in version `bold'
(Font)                  OMX/cmex/m/n --> OMX/pxex/m/n on input line 120.
LaTeX Font Info:    Overwriting symbol font `largesymbols' in version `bold'
(Font)                  OMX/pxex/m/n --> OMX/pxex/bx/n on input line 121.
\symlargesymbolsA=\mathgroup9
LaTeX Font Info:    Overwriting symbol font `largesymbolsA' in version `bold'
(Font)                  U/pxexa/m/n --> U/pxexa/bx/n on input line 129.
LaTeX Info: Redefining \not on input line 997.
LaTeX Info: Redefining \textsquare on input line 1017.
LaTeX Info: Redefining \openbox on input line 1018.
)
(./WhitePaper_EN-1.aux)
\openout1 = `WhitePaper_EN-1.aux'.

LaTeX Font Info:    Checking defaults for OML/pxmi/m/it on input line 25.
LaTeX Font Info:    Try loading font information for OML+pxmi on input line 25.


(/usr/local/texlive/2018/texmf-dist/tex/latex/pxfonts/omlpxmi.fd
File: omlpxmi.fd 2000/12/14 v1.0
)
LaTeX Font Info:    ... okay on input line 25.
LaTeX Font Info:    Checking defaults for T1/cmr/m/n on input line 25.
LaTeX Font Info:    ... okay on input line 25.
LaTeX Font Info:    Checking defaults for OT1/cmr/m/n on input line 25.
LaTeX Font Info:    ... okay on input line 25.
LaTeX Font Info:    Checking defaults for OMS/pxsy/m/n on input line 25.
LaTeX Font Info:    Try loading font information for OMS+pxsy on input line 25.


(/usr/local/texlive/2018/texmf-dist/tex/latex/pxfonts/omspxsy.fd
File: omspxsy.fd 2000/12/14 v1.0
)
LaTeX Font Info:    ... okay on input line 25.
LaTeX Font Info:    Checking defaults for OMX/pxex/m/n on input line 25.
LaTeX Font Info:    Try loading font information for OMX+pxex on input line 25.


(/usr/local/texlive/2018/texmf-dist/tex/latex/pxfonts/omxpxex.fd
File: omxpxex.fd 2000/12/14 v1.0
)
LaTeX Font Info:    ... okay on input line 25.
LaTeX Font Info:    Checking defaults for U/pxexa/m/n on input line 25.
LaTeX Font Info:    Try loading font information for U+pxexa on input line 25.

(/usr/local/texlive/2018/texmf-dist/tex/latex/pxfonts/upxexa.fd
File: upxexa.fd 2000/12/14 v1.0
)
LaTeX Font Info:    ... okay on input line 25.
LaTeX Font Info:    Checking defaults for PD1/pdf/m/n on input line 25.
LaTeX Font Info:    ... okay on input line 25.
LaTeX Font Info:    Try loading font information for OT1+pxr on input line 25.

(/usr/local/texlive/2018/texmf-dist/tex/latex/pxfonts/ot1pxr.fd
File: ot1pxr.fd 2000/12/14 v1.0
)
*geometry* driver: auto-detecting
*geometry* detected driver: pdftex
*geometry* verbose mode - [ preamble ] result:
* driver: pdftex
* paper: a4paper
* layout: <same size as paper>
* layoutoffset:(h,v)=(0.0pt,0.0pt)
* modes: 
* h-part:(L,W,R)=(71.13188pt, 455.24411pt, 71.13188pt)
* v-part:(T,H,B)=(71.13188pt, 702.78308pt, 71.13188pt)
* \paperwidth=597.50787pt
* \paperheight=845.04684pt
* \textwidth=455.24411pt
* \textheight=702.78308pt
* \oddsidemargin=-1.1381pt
* \evensidemargin=-1.1381pt
* \topmargin=-38.1381pt
* \headheight=12.0pt
* \headsep=25.0pt
* \topskip=10.0pt
* \footskip=30.0pt
* \marginparwidth=57.0pt
* \marginparsep=11.0pt
* \columnsep=10.0pt
* \skip\footins=9.0pt plus 4.0pt minus 2.0pt
* \hoffset=0.0pt
* \voffset=0.0pt
* \mag=1000
* \@twocolumnfalse
* \@twosidefalse
* \@mparswitchfalse
* \@reversemarginfalse
* (1in=72.27pt=25.4mm, 1cm=28.453pt)

(/usr/local/texlive/2018/texmf-dist/tex/context/base/mkii/supp-pdf.mkii
[Loading MPS to PDF converter (version 2006.09.02).]
\scratchcounter=\count136
\scratchdimen=\dimen142
\scratchbox=\box43
\nofMPsegments=\count137
\nofMParguments=\count138
\everyMPshowfont=\toks31
\MPscratchCnt=\count139
\MPscratchDim=\dimen143
\MPnumerator=\count140
\makeMPintoPDFobject=\count141
\everyMPtoPDFconversion=\toks32
) (/usr/local/texlive/2018/texmf-dist/tex/latex/oberdiek/epstopdf-base.sty
Package: epstopdf-base 2016/05/15 v2.6 Base part for package epstopdf

(/usr/local/texlive/2018/texmf-dist/tex/latex/oberdiek/grfext.sty
Package: grfext 2016/05/16 v1.2 Manage graphics extensions (HO)
)
Package epstopdf-base Info: Redefining graphics rule for `.eps' on input line 4
38.
Package grfext Info: Graphics extension search list:
(grfext)             [.pdf,.png,.jpg,.mps,.jpeg,.jbig2,.jb2,.PDF,.PNG,.JPG,.JPE
G,.JBIG2,.JB2,.eps]
(grfext)             \AppendGraphicsExtensions on input line 456.

(/usr/local/texlive/2018/texmf-dist/tex/latex/latexconfig/epstopdf-sys.cfg
File: epstopdf-sys.cfg 2010/07/13 v1.3 Configuration of (r)epstopdf for TeX Liv
e
))
LaTeX Info: Redefining \microtypecontext on input line 25.
Package microtype Info: Generating PDF output.
Package microtype Info: Character protrusion enabled (level 2).
Package microtype Info: Using default protrusion set `alltext'.
Package microtype Info: Automatic font expansion enabled (level 2),
(microtype)             stretch: 20, shrink: 20, step: 1, non-selected.
Package microtype Info: Using default expansion set `basictext'.
Package microtype Info: No adjustment of tracking.
Package microtype Info: No adjustment of interword spacing.
Package microtype Info: No adjustment of character kerning.

(/usr/local/texlive/2018/texmf-dist/tex/latex/microtype/mt-ppl.cfg
File: mt-ppl.cfg 2005/11/16 v1.6 microtype config. file: Palatino (RS)
)
\c@lstlisting=\count142
\AtBeginShipoutBox=\box44
Package hyperref Info: Link coloring OFF on input line 25.

(/usr/local/texlive/2018/texmf-dist/tex/latex/hyperref/nameref.sty
Package: nameref 2016/05/21 v2.44 Cross-referencing by name of section

(/usr/local/texlive/2018/texmf-dist/tex/generic/oberdiek/gettitlestring.sty
Package: gettitlestring 2016/05/16 v1.5 Cleanup title references (HO)
)
\c@section@level=\count143
)
LaTeX Info: Redefining \ref on input line 25.
LaTeX Info: Redefining \pageref on input line 25.
LaTeX Info: Redefining \nameref on input line 25.

(./WhitePaper_EN-1.out) (./WhitePaper_EN-1.out)
\@outlinefile=\write3
\openout3 = `WhitePaper_EN-1.out'.

LaTeX Font Info:    Try loading font information for U+pxsya on input line 28.

(/usr/local/texlive/2018/texmf-dist/tex/latex/pxfonts/upxsya.fd
File: upxsya.fd 2000/12/14 v1.0
)
LaTeX Font Info:    Try loading font information for U+pxsyb on input line 28.

(/usr/local/texlive/2018/texmf-dist/tex/latex/pxfonts/upxsyb.fd
File: utxsyb.fd 2000/12/14 v1.0
)
LaTeX Font Info:    Try loading font information for U+pxmia on input line 28.

(/usr/local/texlive/2018/texmf-dist/tex/latex/pxfonts/upxmia.fd
File: upxmia.fd 2000/12/14 v1.0
)
LaTeX Font Info:    Try loading font information for U+pxsyc on input line 28.

(/usr/local/texlive/2018/texmf-dist/tex/latex/pxfonts/upxsyc.fd
File: upxsyc.fd 2000/12/14 v1.0
)

LaTeX Warning: No \author given.


Underfull \hbox (badness 10000) in paragraph at lines 30--34

 []

[1

{/usr/local/texlive/2018/texmf-var/fonts/map/pdftex/updmap/pdftex.map}]
(./WhitePaper_EN-1.toc)
\tf@toc=\write4
\openout4 = `WhitePaper_EN-1.toc'.

 [2]
Underfull \hbox (badness 10000) in paragraph at lines 39--48

 []


Underfull \hbox (badness 10000) in paragraph at lines 39--48

 []


Underfull \hbox (badness 10000) in paragraph at lines 39--48

 []


Underfull \hbox (badness 10000) in paragraph at lines 39--48

 []

LaTeX Font Info:    Try loading font information for OMS+pxr on input line 52.
(/usr/local/texlive/2018/texmf-dist/tex/latex/pxfonts/omspxr.fd
File: omspxr.fd 2000/12/14 v1.0
)
LaTeX Font Info:    Font shape `OMS/pxr/m/n' in size <10> not available
(Font)              Font shape `OMS/pxsy/m/n' tried instead on input line 52.

Underfull \hbox (badness 10000) in paragraph at lines 51--55

 []


Underfull \hbox (badness 10000) in paragraph at lines 58--62

 []


Underfull \hbox (badness 10000) in paragraph at lines 65--69

 []

[3]
Underfull \hbox (badness 10000) in paragraph at lines 78--81

 []


Underfull \hbox (badness 10000) in paragraph at lines 84--88

 []


Underfull \hbox (badness 10000) in paragraph at lines 91--95

 []


Underfull \hbox (badness 10000) in paragraph at lines 103--108

 []


Underfull \hbox (badness 10000) in paragraph at lines 103--108

 []

[4]
Underfull \hbox (badness 10000) in paragraph at lines 111--115

 []


Underfull \hbox (badness 10000) in paragraph at lines 118--122

 []


Underfull \hbox (badness 10000) in paragraph at lines 130--135

 []


Underfull \hbox (badness 10000) in paragraph at lines 130--135

 []


Underfull \hbox (badness 10000) in paragraph at lines 138--142

 []


Underfull \hbox (badness 10000) in paragraph at lines 145--149

 []


Underfull \hbox (badness 10000) in paragraph at lines 150--156

 []


Underfull \hbox (badness 10000) in paragraph at lines 150--156

 []


Underfull \hbox (badness 10000) in paragraph at lines 159--163

 []


Underfull \hbox (badness 10000) in paragraph at lines 166--170

 []


Underfull \hbox (badness 10000) in paragraph at lines 173--177

 []


Underfull \hbox (badness 10000) in paragraph at lines 180--184

 []


Underfull \hbox (badness 10000) in paragraph at lines 187--191

 []


Underfull \hbox (badness 10000) in paragraph at lines 194--198

 []


Underfull \hbox (badness 10000) in paragraph at lines 199--209

 []


Underfull \hbox (badness 10000) in paragraph at lines 199--209

 []


Underfull \hbox (badness 10000) in paragraph at lines 199--209

 []


Underfull \hbox (badness 10000) in paragraph at lines 199--209

 []


Underfull \hbox (badness 10000) in paragraph at lines 212--216

 []

[5]
Underfull \hbox (badness 10000) in paragraph at lines 219--223

 []


Underfull \hbox (badness 10000) in paragraph at lines 226--230

 []


Underfull \hbox (badness 10000) in paragraph at lines 231--235

 []


Underfull \hbox (badness 10000) in paragraph at lines 238--242

 []


Underfull \hbox (badness 10000) in paragraph at lines 245--249

 []


Underfull \hbox (badness 10000) in paragraph at lines 252--256

 []


Underfull \hbox (badness 10000) in paragraph at lines 259--263

 []


Underfull \hbox (badness 10000) in paragraph at lines 266--270

 []


Underfull \hbox (badness 10000) in paragraph at lines 273--277

 []


Underfull \hbox (badness 10000) in paragraph at lines 280--303

 []


Underfull \hbox (badness 10000) in paragraph at lines 280--303

 []


Underfull \hbox (badness 10000) in paragraph at lines 280--303

 []

[6]
Package epstopdf Info: Source file: <fig1.eps>
(epstopdf)                    date: 2018-09-14 13:02:53
(epstopdf)                    size: 4772622 bytes
(epstopdf)             Output file: <fig1-eps-converted-to.pdf>
(epstopdf)                    date: 2018-09-14 13:03:05
(epstopdf)                    size: 222409 bytes
(epstopdf)             Command: <repstopdf --outfile=fig1-eps-converted-to.pdf 
fig1.eps>
(epstopdf)             \includegraphics on input line 354.
Package epstopdf Info: Output file is already uptodate.
<fig1-eps-converted-to.pdf, id=271, 1650.165pt x 1115.16624pt>
File: fig1-eps-converted-to.pdf Graphic file (type pdf)
<use fig1-eps-converted-to.pdf>
Package pdftex.def Info: fig1-eps-converted-to.pdf  used on input line 354.
(pdftex.def)             Requested size: 336.80043pt x 227.62206pt.
Package epstopdf Info: Source file: <fig2.eps>
(epstopdf)                    date: 2018-09-14 13:12:17
(epstopdf)                    size: 3222246 bytes
(epstopdf)             Output file: <fig2-eps-converted-to.pdf>
(epstopdf)                    date: 2018-09-14 13:19:26
(epstopdf)                    size: 186545 bytes
(epstopdf)             Command: <repstopdf --outfile=fig2-eps-converted-to.pdf 
fig2.eps>
(epstopdf)             \includegraphics on input line 366.
Package epstopdf Info: Output file is already uptodate.
<fig2-eps-converted-to.pdf, id=277, 1388.18625pt x 805.0075pt>
File: fig2-eps-converted-to.pdf Graphic file (type pdf)
<use fig2-eps-converted-to.pdf>
Package pdftex.def Info: fig2-eps-converted-to.pdf  used on input line 366.
(pdftex.def)             Requested size: 320.0pt x 185.56546pt.

Underfull \hbox (badness 10000) in paragraph at lines 350--374

 []


Underfull \hbox (badness 10000) in paragraph at lines 350--374

 []


Underfull \hbox (badness 10000) in paragraph at lines 350--374

 []


Underfull \hbox (badness 10000) in paragraph at lines 350--374

 []


Underfull \hbox (badness 10000) in paragraph at lines 350--374

 []

[7]
Package epstopdf Info: Source file: <fig3.eps>
(epstopdf)                    date: 2018-09-14 13:17:44
(epstopdf)                    size: 3146906 bytes
(epstopdf)             Output file: <fig3-eps-converted-to.pdf>
(epstopdf)                    date: 2018-09-14 13:19:26
(epstopdf)                    size: 154544 bytes
(epstopdf)             Command: <repstopdf --outfile=fig3-eps-converted-to.pdf 
fig3.eps>
(epstopdf)             \includegraphics on input line 378.
Package epstopdf Info: Output file is already uptodate.
<fig3-eps-converted-to.pdf, id=318, 1194.4625pt x 833.1125pt>
File: fig3-eps-converted-to.pdf Graphic file (type pdf)
<use fig3-eps-converted-to.pdf>
Package pdftex.def Info: fig3-eps-converted-to.pdf  used on input line 378.
(pdftex.def)             Requested size: 340.0pt x 237.14714pt.

Underfull \hbox (badness 10000) in paragraph at lines 376--389

 []


Underfull \hbox (badness 10000) in paragraph at lines 376--389

 []


Underfull \hbox (badness 10000) in paragraph at lines 376--389

 []


Underfull \hbox (badness 10000) in paragraph at lines 376--389

 []


Underfull \hbox (badness 10000) in paragraph at lines 376--389

 []


Underfull \hbox (badness 10000) in paragraph at lines 376--389

 []

[8 <./fig1-eps-converted-to.pdf> <./fig2-eps-converted-to.pdf>]
Underfull \hbox (badness 10000) in paragraph at lines 392--396

 []


Underfull \hbox (badness 10000) in paragraph at lines 399--403

 []


Underfull \hbox (badness 10000) in paragraph at lines 406--410

 []


Underfull \hbox (badness 10000) in paragraph at lines 413--417

 []


Underfull \hbox (badness 10000) in paragraph at lines 420--424

 []


Underfull \hbox (badness 10000) in paragraph at lines 427--431

 []


Underfull \hbox (badness 10000) in paragraph at lines 434--438

 []


Underfull \hbox (badness 10000) in paragraph at lines 441--445

 []


Underfull \hbox (badness 10000) in paragraph at lines 446--461

 []


Underfull \hbox (badness 10000) in paragraph at lines 446--461

 []


Underfull \hbox (badness 10000) in paragraph at lines 446--461

 []


Underfull \hbox (badness 10000) in paragraph at lines 446--461

 []


Underfull \hbox (badness 10000) in paragraph at lines 446--461

 []


Underfull \hbox (badness 10000) in paragraph at lines 446--461

 []

[9 <./fig3-eps-converted-to.pdf>]
Package epstopdf Info: Source file: <fig4.eps>
(epstopdf)                    date: 2018-09-14 13:41:00
(epstopdf)                    size: 5157910 bytes
(epstopdf)             Output file: <fig4-eps-converted-to.pdf>
(epstopdf)                    date: 2018-09-14 13:41:09
(epstopdf)                    size: 392846 bytes
(epstopdf)             Command: <repstopdf --outfile=fig4-eps-converted-to.pdf 
fig4.eps>
(epstopdf)             \includegraphics on input line 485.
Package epstopdf Info: Output file is already uptodate.
<fig4-eps-converted-to.pdf, id=347, 1473.505pt x 1220.56pt>
File: fig4-eps-converted-to.pdf Graphic file (type pdf)
<use fig4-eps-converted-to.pdf>
Package pdftex.def Info: fig4-eps-converted-to.pdf  used on input line 485.
(pdftex.def)             Requested size: 300.0pt x 248.48436pt.

Underfull \hbox (badness 10000) in paragraph at lines 464--490

 []


Underfull \hbox (badness 10000) in paragraph at lines 464--490

 []


Underfull \hbox (badness 10000) in paragraph at lines 464--490

 []


Underfull \hbox (badness 10000) in paragraph at lines 464--490

 []


Underfull \hbox (badness 10000) in paragraph at lines 464--490

 []


Underfull \hbox (badness 10000) in paragraph at lines 464--490

 []


Underfull \hbox (badness 10000) in paragraph at lines 464--490

 []


Underfull \hbox (badness 10000) in paragraph at lines 464--490

 []


Underfull \hbox (badness 10000) in paragraph at lines 464--490

 []


Underfull \hbox (badness 10000) in paragraph at lines 464--490

 []


Underfull \hbox (badness 10000) in paragraph at lines 464--490

 []


Underfull \hbox (badness 10000) in paragraph at lines 464--490

 []


Underfull \hbox (badness 10000) in paragraph at lines 464--490

 []

[10]
Underfull \hbox (badness 10000) in paragraph at lines 491--505

 []


Underfull \hbox (badness 10000) in paragraph at lines 491--505

 []


Underfull \hbox (badness 10000) in paragraph at lines 491--505

 []


Underfull \hbox (badness 10000) in paragraph at lines 491--505

 []


Underfull \hbox (badness 10000) in paragraph at lines 491--505

 []


Underfull \hbox (badness 10000) in paragraph at lines 491--505

 []

[11 <./fig4-eps-converted-to.pdf>]
Underfull \hbox (badness 10000) in paragraph at lines 508--512

 []


Underfull \hbox (badness 10000) in paragraph at lines 515--519

 []


Underfull \hbox (badness 10000) in paragraph at lines 522--526

 []


Underfull \hbox (badness 10000) in paragraph at lines 529--533

 []


Underfull \hbox (badness 10000) in paragraph at lines 536--540

 []


Underfull \hbox (badness 10000) in paragraph at lines 541--558

 []


Underfull \hbox (badness 10000) in paragraph at lines 541--558

 []


Underfull \hbox (badness 10000) in paragraph at lines 541--558

 []


Underfull \hbox (badness 10000) in paragraph at lines 561--565

 []

[12]
Package epstopdf Info: Source file: <fig5.eps>
(epstopdf)                    date: 2018-09-26 11:49:23
(epstopdf)                    size: 6061514 bytes
(epstopdf)             Output file: <fig5-eps-converted-to.pdf>
(epstopdf)                    date: 2018-09-26 11:49:54
(epstopdf)                    size: 453611 bytes
(epstopdf)             Command: <repstopdf --outfile=fig5-eps-converted-to.pdf 
fig5.eps>
(epstopdf)             \includegraphics on input line 577.
Package epstopdf Info: Output file is already uptodate.
<fig5-eps-converted-to.pdf, id=372, 1378.14874pt x 1582.91376pt>
File: fig5-eps-converted-to.pdf Graphic file (type pdf)
<use fig5-eps-converted-to.pdf>
Package pdftex.def Info: fig5-eps-converted-to.pdf  used on input line 577.
(pdftex.def)             Requested size: 300.0pt x 344.5708pt.

Underfull \hbox (badness 10000) in paragraph at lines 574--584

 []


Underfull \hbox (badness 10000) in paragraph at lines 574--584

 []


Underfull \hbox (badness 10000) in paragraph at lines 587--591

 []

[13 <./fig5-eps-converted-to.pdf>]
Underfull \hbox (badness 10000) in paragraph at lines 600--605

 []


Underfull \hbox (badness 10000) in paragraph at lines 600--605

 []


Underfull \hbox (badness 10000) in paragraph at lines 608--612

 []


Underfull \hbox (badness 10000) in paragraph at lines 615--619

 []


Underfull \hbox (badness 10000) in paragraph at lines 622--626

 []

Package epstopdf Info: Source file: <fig6.eps>
(epstopdf)                    date: 2018-09-14 15:16:56
(epstopdf)                    size: 3438982 bytes
(epstopdf)             Output file: <fig6-eps-converted-to.pdf>
(epstopdf)                    date: 2018-09-14 15:17:22
(epstopdf)                    size: 102862 bytes
(epstopdf)             Command: <repstopdf --outfile=fig6-eps-converted-to.pdf 
fig6.eps>
(epstopdf)             \includegraphics on input line 638.
Package epstopdf Info: Output file is already uptodate.
<fig6-eps-converted-to.pdf, id=385, 1397.22pt x 1015.795pt>
File: fig6-eps-converted-to.pdf Graphic file (type pdf)
<use fig6-eps-converted-to.pdf>
Package pdftex.def Info: fig6-eps-converted-to.pdf  used on input line 638.
(pdftex.def)             Requested size: 320.0pt x 232.63596pt.

Underfull \hbox (badness 10000) in paragraph at lines 635--642

 []


Underfull \hbox (badness 10000) in paragraph at lines 635--642

 []


Underfull \hbox (badness 10000) in paragraph at lines 635--642

 []


Underfull \hbox (badness 10000) in paragraph at lines 645--649

 []


Underfull \hbox (badness 10000) in paragraph at lines 652--656

 []


Underfull \hbox (badness 10000) in paragraph at lines 659--663

 []


Underfull \hbox (badness 10000) in paragraph at lines 666--672

 []

[14 <./fig6-eps-converted-to.pdf>]
Package epstopdf Info: Source file: <fig7.eps>
(epstopdf)                    date: 2018-09-14 15:41:11
(epstopdf)                    size: 5648546 bytes
(epstopdf)             Output file: <fig7-eps-converted-to.pdf>
(epstopdf)                    date: 2018-09-14 15:41:22
(epstopdf)                    size: 181775 bytes
(epstopdf)             Command: <repstopdf --outfile=fig7-eps-converted-to.pdf 
fig7.eps>
(epstopdf)             \includegraphics on input line 682.
Package epstopdf Info: Output file is already uptodate.
<fig7-eps-converted-to.pdf, id=398, 1397.22pt x 1686.3pt>
File: fig7-eps-converted-to.pdf Graphic file (type pdf)
<use fig7-eps-converted-to.pdf>
Package pdftex.def Info: fig7-eps-converted-to.pdf  used on input line 682.
(pdftex.def)             Requested size: 300.0pt x 362.05855pt.

Underfull \hbox (badness 10000) in paragraph at lines 679--686

 []


Underfull \hbox (badness 10000) in paragraph at lines 679--686

 []


Underfull \hbox (badness 10000) in paragraph at lines 689--693

 []


Underfull \hbox (badness 10000) in paragraph at lines 696--700

 []


Overfull \hbox (7.6163pt too wide) in paragraph at lines 703--710
\OT1/pxr/m/n/10 (-20) 3. $\OML/pxmi/m/it/10 L$ \OT1/pxr/m/n/10 (-20) cre-ates a
 Ci-pher Key $\OML/pxmi/m/it/10 PK[]$\OT1/pxr/m/n/10 (-20) , ap-plies it to Dat
a $\OML/pxmi/m/it/10 D$\OT1/pxr/m/n/10 (-20) , and gen-er-ates a ci-phered copy
 $\OML/pxmi/m/it/10 R[] \OT1/pxr/m/n/10 (-20) = \OML/pxmi/m/it/10 Cipher\OT1/px
r/m/n/10 (-20) (\OML/pxmi/m/it/10 D; PK[]\OT1/pxr/m/n/10 (-20) )$.
 []


Underfull \hbox (badness 10000) in paragraph at lines 703--710

 []


Underfull \hbox (badness 10000) in paragraph at lines 713--717

 []


Underfull \hbox (badness 10000) in paragraph at lines 720--724

 []


Underfull \hbox (badness 10000) in paragraph at lines 727--735

 []

[15 <./fig7-eps-converted-to.pdf>]
Underfull \hbox (badness 10000) in paragraph at lines 738--742

 []


Underfull \hbox (badness 10000) in paragraph at lines 745--749

 []


Underfull \hbox (badness 10000) in paragraph at lines 752--756

 []


Underfull \hbox (badness 10000) in paragraph at lines 759--763

 []


Underfull \hbox (badness 10000) in paragraph at lines 766--770

 []


Underfull \hbox (badness 10000) in paragraph at lines 773--780

 []

Package epstopdf Info: Source file: <fig8.eps>
(epstopdf)                    date: 2018-09-14 16:18:57
(epstopdf)                    size: 3544014 bytes
(epstopdf)             Output file: <fig8-eps-converted-to.pdf>
(epstopdf)                    date: 2018-09-14 16:20:01
(epstopdf)                    size: 93264 bytes
(epstopdf)             Command: <repstopdf --outfile=fig8-eps-converted-to.pdf 
fig8.eps>
(epstopdf)             \includegraphics on input line 791.
Package epstopdf Info: Output file is already uptodate.
<fig8-eps-converted-to.pdf, id=410, 1449.415pt x 1012.78375pt>
File: fig8-eps-converted-to.pdf Graphic file (type pdf)
<use fig8-eps-converted-to.pdf>
Package pdftex.def Info: fig8-eps-converted-to.pdf  used on input line 791.
(pdftex.def)             Requested size: 380.0pt x 265.51201pt.

Underfull \hbox (badness 10000) in paragraph at lines 788--795

 []


Underfull \hbox (badness 10000) in paragraph at lines 788--795

 []


Underfull \hbox (badness 10000) in paragraph at lines 798--802

 []


Underfull \hbox (badness 10000) in paragraph at lines 805--809

 []


Underfull \hbox (badness 10000) in paragraph at lines 812--816

 []


Underfull \hbox (badness 10000) in paragraph at lines 819--823

 []


Underfull \hbox (badness 10000) in paragraph at lines 826--832

 []

[16 <./fig8-eps-converted-to.pdf>]
Underfull \hbox (badness 10000) in paragraph at lines 841--845

 []


Underfull \hbox (badness 10000) in paragraph at lines 852--855

 []

Package epstopdf Info: Source file: <fig9.eps>
(epstopdf)                    date: 2018-10-09 11:11:19
(epstopdf)                    size: 3037878 bytes
(epstopdf)             Output file: <fig9-eps-converted-to.pdf>
(epstopdf)                    date: 2018-10-09 12:06:05
(epstopdf)                    size: 139348 bytes
(epstopdf)             Command: <repstopdf --outfile=fig9-eps-converted-to.pdf 
fig9.eps>
(epstopdf)             \includegraphics on input line 858.
Package epstopdf Info: Output file is already uptodate.
<fig9-eps-converted-to.pdf, id=422, 1145.27875pt x 1012.78375pt>
File: fig9-eps-converted-to.pdf Graphic file (type pdf)
<use fig9-eps-converted-to.pdf>
Package pdftex.def Info: fig9-eps-converted-to.pdf  used on input line 858.
(pdftex.def)             Requested size: 340.0pt x 300.66943pt.

Underfull \hbox (badness 10000) in paragraph at lines 856--862

 []


Underfull \hbox (badness 10000) in paragraph at lines 856--862

 []


Underfull \hbox (badness 10000) in paragraph at lines 865--869

 []


Underfull \hbox (badness 10000) in paragraph at lines 872--876

 []


Underfull \hbox (badness 10000) in paragraph at lines 879--883

 []


Underfull \hbox (badness 10000) in paragraph at lines 886--890

 []


Underfull \hbox (badness 10000) in paragraph at lines 893--897

 []

Package epstopdf Info: Source file: <fig10.eps>
(epstopdf)                    date: 2018-10-09 11:12:09
(epstopdf)                    size: 4178218 bytes
(epstopdf)             Output file: <fig10-eps-converted-to.pdf>
(epstopdf)                    date: 2018-10-09 12:06:06
(epstopdf)                    size: 118685 bytes
(epstopdf)             Command: <repstopdf --outfile=fig10-eps-converted-to.pdf
 fig10.eps>
(epstopdf)             \includegraphics on input line 900.
Package epstopdf Info: Output file is already uptodate.
<fig10-eps-converted-to.pdf, id=423, 1527.7075pt x 1120.185pt>
File: fig10-eps-converted-to.pdf Graphic file (type pdf)
<use fig10-eps-converted-to.pdf>
Package pdftex.def Info: fig10-eps-converted-to.pdf  used on input line 900.
(pdftex.def)             Requested size: 315.0pt x 230.97263pt.

Underfull \hbox (badness 10000) in paragraph at lines 898--904

 []

[17 <./fig9-eps-converted-to.pdf>]
Underfull \hbox (badness 10000) in paragraph at lines 907--911

 []


Underfull \hbox (badness 10000) in paragraph at lines 914--918

 []


Underfull \hbox (badness 10000) in paragraph at lines 921--925

 []


Underfull \hbox (badness 10000) in paragraph at lines 928--932

 []


Underfull \hbox (badness 10000) in paragraph at lines 935--939

 []


Underfull \hbox (badness 10000) in paragraph at lines 942--946

 []


Underfull \hbox (badness 10000) in paragraph at lines 954--958

 []


Underfull \hbox (badness 10000) in paragraph at lines 960--963

 []

[18 <./fig10-eps-converted-to.pdf>]
Underfull \hbox (badness 10000) in paragraph at lines 966--970

 []


Underfull \hbox (badness 10000) in paragraph at lines 973--977

 []


Underfull \hbox (badness 10000) in paragraph at lines 978--985

 []


Underfull \hbox (badness 10000) in paragraph at lines 978--985

 []


Underfull \hbox (badness 10000) in paragraph at lines 988--992

 []


Underfull \hbox (badness 10000) in paragraph at lines 993--998

 []


Underfull \hbox (badness 10000) in paragraph at lines 1001--1020

 []


Underfull \hbox (badness 10000) in paragraph at lines 1021--1027

 []


Underfull \hbox (badness 10000) in paragraph at lines 1021--1027

 []


Underfull \hbox (badness 10000) in paragraph at lines 1030--1036

 []


Underfull \hbox (badness 10000) in paragraph at lines 1030--1036

 []


Underfull \hbox (badness 10000) in paragraph at lines 1039--1044

 []

[19]
Underfull \hbox (badness 10000) in paragraph at lines 1048--1051

 []


Underfull \hbox (badness 10000) in paragraph at lines 1054--1058

 []


Underfull \hbox (badness 10000) in paragraph at lines 1061--1065

 []


Underfull \hbox (badness 10000) in paragraph at lines 1073--1076

 []


Underfull \hbox (badness 10000) in paragraph at lines 1080--1084

 []


Underfull \hbox (badness 10000) in paragraph at lines 1088--1092

 []


Underfull \hbox (badness 10000) in paragraph at lines 1096--1100

 []


Underfull \hbox (badness 10000) in paragraph at lines 1103--1107

 []


Underfull \hbox (badness 10000) in paragraph at lines 1110--1114

 []


Underfull \hbox (badness 10000) in paragraph at lines 1117--1121

 []

Package epstopdf Info: Source file: <fig11.eps>
(epstopdf)                    date: 2018-09-14 17:57:57
(epstopdf)                    size: 5754318 bytes
(epstopdf)             Output file: <fig11-eps-converted-to.pdf>
(epstopdf)                    date: 2018-09-14 17:58:15
(epstopdf)                    size: 219743 bytes
(epstopdf)             Command: <repstopdf --outfile=fig11-eps-converted-to.pdf
 fig11.eps>
(epstopdf)             \includegraphics on input line 1128.
Package epstopdf Info: Output file is already uptodate.
<fig11-eps-converted-to.pdf, id=457, 1674.255pt x 1370.11874pt>
File: fig11-eps-converted-to.pdf Graphic file (type pdf)
<use fig11-eps-converted-to.pdf>
Package pdftex.def Info: fig11-eps-converted-to.pdf  used on input line 1128.
(pdftex.def)             Requested size: 315.0pt x 257.77469pt.

Underfull \hbox (badness 10000) in paragraph at lines 1124--1133

 []


Overfull \hbox (15.0pt too wide) in paragraph at lines 1124--1133
[]
 []


Underfull \hbox (badness 10000) in paragraph at lines 1124--1133

 []


Overfull \hbox (15.0pt too wide) in paragraph at lines 1124--1133
[]
 []

[20 <./fig11-eps-converted-to.pdf>]
Underfull \hbox (badness 10000) in paragraph at lines 1134--1137

 []


Underfull \hbox (badness 10000) in paragraph at lines 1140--1144

 []

Package epstopdf Info: Source file: <fig12.eps>
(epstopdf)                    date: 2018-09-14 18:07:01
(epstopdf)                    size: 4122758 bytes
(epstopdf)             Output file: <fig12-eps-converted-to.pdf>
(epstopdf)                    date: 2018-09-14 18:07:34
(epstopdf)                    size: 109428 bytes
(epstopdf)             Command: <repstopdf --outfile=fig12-eps-converted-to.pdf
 fig12.eps>
(epstopdf)             \includegraphics on input line 1157.
Package epstopdf Info: Output file is already uptodate.
<fig12-eps-converted-to.pdf, id=471, 1585.925pt x 1055.945pt>
File: fig12-eps-converted-to.pdf Graphic file (type pdf)
<use fig12-eps-converted-to.pdf>
Package pdftex.def Info: fig12-eps-converted-to.pdf  used on input line 1157.
(pdftex.def)             Requested size: 340.0pt x 226.37926pt.

Underfull \hbox (badness 10000) in paragraph at lines 1154--1161

 []


Underfull \hbox (badness 10000) in paragraph at lines 1154--1161

 []


Underfull \hbox (badness 10000) in paragraph at lines 1154--1161

 []


Underfull \hbox (badness 10000) in paragraph at lines 1163--1167

 []


Underfull \hbox (badness 10000) in paragraph at lines 1170--1174

 []


Underfull \hbox (badness 10000) in paragraph at lines 1177--1181

 []


Underfull \hbox (badness 10000) in paragraph at lines 1183--1187

 []

[21 <./fig12-eps-converted-to.pdf>]
Underfull \hbox (badness 10000) in paragraph at lines 1190--1194

 []


Underfull \hbox (badness 10000) in paragraph at lines 1196--1200

 []


Underfull \hbox (badness 10000) in paragraph at lines 1203--1207

 []


Underfull \hbox (badness 10000) in paragraph at lines 1208--1212

 []


Underfull \hbox (badness 10000) in paragraph at lines 1214--1218

 []


Underfull \hbox (badness 10000) in paragraph at lines 1220--1227

 []


Underfull \hbox (badness 10000) in paragraph at lines 1230--1234

 []


Underfull \hbox (badness 10000) in paragraph at lines 1237--1241

 []


Underfull \hbox (badness 10000) in paragraph at lines 1244--1248

 []


Underfull \hbox (badness 10000) in paragraph at lines 1251--1255

 []


Underfull \hbox (badness 10000) in paragraph at lines 1257--1275

 []


Underfull \hbox (badness 10000) in paragraph at lines 1257--1275

 []


Underfull \hbox (badness 10000) in paragraph at lines 1257--1275

 []


Underfull \hbox (badness 10000) in paragraph at lines 1278--1281

 []


Underfull \hbox (badness 10000) in paragraph at lines 1284--1289

 []


Underfull \hbox (badness 10000) in paragraph at lines 1292--1296

 []


Underfull \hbox (badness 10000) in paragraph at lines 1299--1303

 []

Package epstopdf Info: Source file: <fig13.eps>
(epstopdf)                    date: 2018-09-14 18:59:58
(epstopdf)                    size: 3646178 bytes
(epstopdf)             Output file: <fig13-eps-converted-to.pdf>
(epstopdf)                    date: 2018-09-14 19:00:08
(epstopdf)                    size: 240992 bytes
(epstopdf)             Command: <repstopdf --outfile=fig13-eps-converted-to.pdf
 fig13.eps>
(epstopdf)             \includegraphics on input line 1315.
Package epstopdf Info: Output file is already uptodate.
<fig13-eps-converted-to.pdf, id=489, 1461.46pt x 922.44624pt>
File: fig13-eps-converted-to.pdf Graphic file (type pdf)
<use fig13-eps-converted-to.pdf>
Package pdftex.def Info: fig13-eps-converted-to.pdf  used on input line 1315.
(pdftex.def)             Requested size: 320.0pt x 201.96759pt.

Underfull \hbox (badness 10000) in paragraph at lines 1312--1325

 []


Underfull \hbox (badness 10000) in paragraph at lines 1312--1325

 []


Underfull \hbox (badness 10000) in paragraph at lines 1312--1325

 []

[22]
Underfull \hbox (badness 10000) in paragraph at lines 1328--1332

 []


Underfull \hbox (badness 10000) in paragraph at lines 1335--1339

 []


Underfull \hbox (badness 10000) in paragraph at lines 1342--1346

 []


Underfull \hbox (badness 10000) in paragraph at lines 1349--1353

 []


Underfull \hbox (badness 10000) in paragraph at lines 1356--1360

 []


Underfull \hbox (badness 10000) in paragraph at lines 1363--1367

 []


Underfull \hbox (badness 10000) in paragraph at lines 1369--1373

 []


Underfull \hbox (badness 10000) in paragraph at lines 1376--1380

 []


Underfull \hbox (badness 10000) in paragraph at lines 1383--1387

 []


Underfull \hbox (badness 10000) in paragraph at lines 1390--1394

 []


Underfull \hbox (badness 10000) in paragraph at lines 1397--1401

 []


Underfull \hbox (badness 10000) in paragraph at lines 1404--1408

 []


Underfull \hbox (badness 10000) in paragraph at lines 1411--1415

 []


Underfull \hbox (badness 10000) in paragraph at lines 1418--1422

 []


Underfull \hbox (badness 10000) in paragraph at lines 1425--1429

 []


Underfull \hbox (badness 10000) in paragraph at lines 1430--1434

 []


Underfull \hbox (badness 10000) in paragraph at lines 1437--1441

 []


Underfull \hbox (badness 10000) in paragraph at lines 1444--1448

 []

[23 <./fig13-eps-converted-to.pdf>]
Underfull \hbox (badness 10000) in paragraph at lines 1456--1461

 []


Underfull \hbox (badness 10000) in paragraph at lines 1456--1461

 []


Underfull \hbox (badness 10000) in paragraph at lines 1463--1467

 []


Underfull \hbox (badness 10000) in paragraph at lines 1470--1474

 []


Underfull \hbox (badness 10000) in paragraph at lines 1477--1481

 []


Underfull \hbox (badness 10000) in paragraph at lines 1484--1488

 []


Underfull \hbox (badness 10000) in paragraph at lines 1490--1494

 []


Underfull \hbox (badness 10000) in paragraph at lines 1497--1501

 []


Underfull \hbox (badness 10000) in paragraph at lines 1504--1508

 []


Underfull \hbox (badness 10000) in paragraph at lines 1511--1515

 []


Underfull \hbox (badness 10000) in paragraph at lines 1517--1521

 []


Underfull \hbox (badness 10000) in paragraph at lines 1524--1528

 []


Underfull \hbox (badness 10000) in paragraph at lines 1531--1535

 []


Underfull \hbox (badness 10000) in paragraph at lines 1538--1542

 []


Underfull \hbox (badness 10000) in paragraph at lines 1555--1561

 []


Underfull \hbox (badness 10000) in paragraph at lines 1555--1561

 []


Underfull \hbox (badness 10000) in paragraph at lines 1563--1569

 []


Underfull \hbox (badness 10000) in paragraph at lines 1563--1569

 []


Underfull \hbox (badness 10000) in paragraph at lines 1571--1577

 []


Underfull \hbox (badness 10000) in paragraph at lines 1571--1577

 []


Underfull \hbox (badness 10000) in paragraph at lines 1579--1586

 []


Underfull \hbox (badness 10000) in paragraph at lines 1579--1586

 []

[24]
Underfull \hbox (badness 10000) in paragraph at lines 1589--1593

 []


Underfull \hbox (badness 10000) in paragraph at lines 1596--1600

 []


Underfull \hbox (badness 10000) in paragraph at lines 1603--1607

 []


Underfull \hbox (badness 10000) in paragraph at lines 1610--1614

 []


Underfull \hbox (badness 10000) in paragraph at lines 1617--1621

 []


Underfull \hbox (badness 10000) in paragraph at lines 1624--1628

 []


Underfull \hbox (badness 10000) in paragraph at lines 1631--1635

 []


Underfull \hbox (badness 10000) in paragraph at lines 1638--1642

 []


Underfull \hbox (badness 10000) in paragraph at lines 1645--1649

 []

Package epstopdf Info: Source file: <fig14.eps>
(epstopdf)                    date: 2018-09-14 20:00:38
(epstopdf)                    size: 5778906 bytes
(epstopdf)             Output file: <fig14-eps-converted-to.pdf>
(epstopdf)                    date: 2018-09-14 20:00:50
(epstopdf)                    size: 358828 bytes
(epstopdf)             Command: <repstopdf --outfile=fig14-eps-converted-to.pdf
 fig14.eps>
(epstopdf)             \includegraphics on input line 1651.
Package epstopdf Info: Output file is already uptodate.
<fig14-eps-converted-to.pdf, id=514, 1699.34875pt x 1253.68375pt>
File: fig14-eps-converted-to.pdf Graphic file (type pdf)
<use fig14-eps-converted-to.pdf>
Package pdftex.def Info: fig14-eps-converted-to.pdf  used on input line 1651.
(pdftex.def)             Requested size: 360.0pt x 265.57692pt.

Underfull \hbox (badness 10000) in paragraph at lines 1650--1655

 []


Underfull \hbox (badness 10000) in paragraph at lines 1650--1655

 []


Underfull \hbox (badness 10000) in paragraph at lines 1656--1660

 []


Underfull \hbox (badness 10000) in paragraph at lines 1663--1667

 []


Underfull \hbox (badness 10000) in paragraph at lines 1670--1674

 []


Underfull \hbox (badness 10000) in paragraph at lines 1677--1681

 []


Underfull \hbox (badness 10000) in paragraph at lines 1684--1688

 []


Underfull \hbox (badness 10000) in paragraph at lines 1691--1695

 []


Underfull \hbox (badness 10000) in paragraph at lines 1698--1702

 []


Underfull \hbox (badness 10000) in paragraph at lines 1705--1709

 []


Underfull \hbox (badness 10000) in paragraph at lines 1712--1716

 []


Underfull \hbox (badness 10000) in paragraph at lines 1719--1723

 []


Underfull \hbox (badness 10000) in paragraph at lines 1726--1730

 []


Underfull \hbox (badness 10000) in paragraph at lines 1733--1737

 []


Underfull \hbox (badness 10000) in paragraph at lines 1740--1744

 []

[25 <./fig14-eps-converted-to.pdf>]
Underfull \hbox (badness 10000) in paragraph at lines 1747--1751

 []


Underfull \hbox (badness 10000) in paragraph at lines 1754--1758

 []


Underfull \hbox (badness 10000) in paragraph at lines 1761--1765

 []


Underfull \hbox (badness 10000) in paragraph at lines 1768--1772

 []


Underfull \hbox (badness 10000) in paragraph at lines 1775--1779

 []


Underfull \hbox (badness 10000) in paragraph at lines 1782--1786

 []


Underfull \hbox (badness 10000) in paragraph at lines 1789--1793

 []


Underfull \hbox (badness 10000) in paragraph at lines 1796--1800

 []


Underfull \hbox (badness 10000) in paragraph at lines 1803--1807

 []


Underfull \hbox (badness 10000) in paragraph at lines 1810--1814

 []


Underfull \hbox (badness 10000) in paragraph at lines 1817--1821

 []


Underfull \hbox (badness 10000) in paragraph at lines 1824--1829

 []


Underfull \hbox (badness 10000) in paragraph at lines 1832--1836

 []


Underfull \hbox (badness 10000) in paragraph at lines 1839--1843

 []


Underfull \hbox (badness 10000) in paragraph at lines 1846--1850

 []


Underfull \hbox (badness 10000) in paragraph at lines 1853--1857

 []


Underfull \hbox (badness 10000) in paragraph at lines 1860--1864

 []


Underfull \hbox (badness 10000) in paragraph at lines 1872--1877

 []


Underfull \hbox (badness 10000) in paragraph at lines 1872--1877

 []


Underfull \hbox (badness 10000) in paragraph at lines 1880--1884

 []


Underfull \hbox (badness 10000) in paragraph at lines 1887--1891

 []


Underfull \hbox (badness 10000) in paragraph at lines 1892--1898

 []


Underfull \hbox (badness 10000) in paragraph at lines 1892--1898

 []


Underfull \hbox (badness 10000) in paragraph at lines 1901--1905

 []


Underfull \hbox (badness 10000) in paragraph at lines 1908--1912

 []


Underfull \hbox (badness 10000) in paragraph at lines 1915--1919

 []


Underfull \hbox (badness 10000) in paragraph at lines 1920--1924

 []


Underfull \hbox (badness 10000) in paragraph at lines 1927--1931

 []

[26]
Underfull \hbox (badness 10000) in paragraph at lines 1932--1936

 []


Underfull \hbox (badness 10000) in paragraph at lines 1939--1943

 []


Underfull \hbox (badness 10000) in paragraph at lines 1944--1948

 []


Underfull \hbox (badness 10000) in paragraph at lines 1951--1955

 []

Package epstopdf Info: Source file: <fig15.eps>
(epstopdf)                    date: 2018-09-14 20:51:37
(epstopdf)                    size: 3525266 bytes
(epstopdf)             Output file: <fig15-eps-converted-to.pdf>
(epstopdf)                    date: 2018-09-14 20:51:53
(epstopdf)                    size: 166980 bytes
(epstopdf)             Command: <repstopdf --outfile=fig15-eps-converted-to.pdf
 fig15.eps>
(epstopdf)             \includegraphics on input line 1964.
Package epstopdf Info: Output file is already uptodate.
<fig15-eps-converted-to.pdf, id=532, 1380.15625pt x 994.71625pt>
File: fig15-eps-converted-to.pdf Graphic file (type pdf)
<use fig15-eps-converted-to.pdf>
Package pdftex.def Info: fig15-eps-converted-to.pdf  used on input line 1964.
(pdftex.def)             Requested size: 360.0pt x 259.45493pt.

Underfull \hbox (badness 10000) in paragraph at lines 1963--1968

 []


Underfull \hbox (badness 10000) in paragraph at lines 1963--1968

 []

[27 <./fig15-eps-converted-to.pdf>]
Package epstopdf Info: Source file: <fig16.eps>
(epstopdf)                    date: 2018-09-14 21:02:31
(epstopdf)                    size: 3948818 bytes
(epstopdf)             Output file: <fig16-eps-converted-to.pdf>
(epstopdf)                    date: 2018-09-14 21:02:44
(epstopdf)                    size: 183960 bytes
(epstopdf)             Command: <repstopdf --outfile=fig16-eps-converted-to.pdf
 fig16.eps>
(epstopdf)             \includegraphics on input line 1977.
Package epstopdf Info: Output file is already uptodate.
<fig16-eps-converted-to.pdf, id=544, 1350.04375pt x 1142.2675pt>
File: fig16-eps-converted-to.pdf Graphic file (type pdf)
<use fig16-eps-converted-to.pdf>
Package pdftex.def Info: fig16-eps-converted-to.pdf  used on input line 1977.
(pdftex.def)             Requested size: 340.0pt x 287.65773pt.

Underfull \hbox (badness 10000) in paragraph at lines 1974--1981

 []


Underfull \hbox (badness 10000) in paragraph at lines 1974--1981

 []


Underfull \hbox (badness 10000) in paragraph at lines 1983--1989

 []

Package epstopdf Info: Source file: <fig17.eps>
(epstopdf)                    date: 2018-10-30 11:56:52
(epstopdf)                    size: 3550906 bytes
(epstopdf)             Output file: <fig17-eps-converted-to.pdf>
(epstopdf)                    date: 2018-10-30 11:57:26
(epstopdf)                    size: 162500 bytes
(epstopdf)             Command: <repstopdf --outfile=fig17-eps-converted-to.pdf
 fig17.eps>
(epstopdf)             \includegraphics on input line 1992.
Package epstopdf Info: Output file is already uptodate.
<fig17-eps-converted-to.pdf, id=545, 1392.20125pt x 997.7275pt>
File: fig17-eps-converted-to.pdf Graphic file (type pdf)
<use fig17-eps-converted-to.pdf>
Package pdftex.def Info: fig17-eps-converted-to.pdf  used on input line 1992.
(pdftex.def)             Requested size: 330.0pt x 236.49078pt.

Underfull \hbox (badness 10000) in paragraph at lines 1990--1999

 []


Underfull \hbox (badness 10000) in paragraph at lines 1990--1999

 []

[28 <./fig16-eps-converted-to.pdf>]
Underfull \hbox (badness 10000) in paragraph at lines 2002--2006

 []

Package epstopdf Info: Source file: <fig18.eps>
(epstopdf)                    date: 2018-09-14 21:08:57
(epstopdf)                    size: 3227182 bytes
(epstopdf)             Output file: <fig18-eps-converted-to.pdf>
(epstopdf)                    date: 2018-09-14 21:09:07
(epstopdf)                    size: 153365 bytes
(epstopdf)             Command: <repstopdf --outfile=fig18-eps-converted-to.pdf
 fig18.eps>
(epstopdf)             \includegraphics on input line 2018.
Package epstopdf Info: Output file is already uptodate.
<fig18-eps-converted-to.pdf, id=557, 1341.01pt x 919.435pt>
File: fig18-eps-converted-to.pdf Graphic file (type pdf)
<use fig18-eps-converted-to.pdf>
Package pdftex.def Info: fig18-eps-converted-to.pdf  used on input line 2018.
(pdftex.def)             Requested size: 300.0pt x 205.68547pt.

Underfull \hbox (badness 10000) in paragraph at lines 2015--2025

 []


Underfull \hbox (badness 10000) in paragraph at lines 2015--2025

 []


Underfull \hbox (badness 10000) in paragraph at lines 2015--2025

 []

[29 <./fig17-eps-converted-to.pdf> <./fig18-eps-converted-to.pdf>]
Underfull \hbox (badness 10000) in paragraph at lines 2028--2032

 []

Package epstopdf Info: Source file: <fig19.eps>
(epstopdf)                    date: 2018-09-14 21:11:27
(epstopdf)                    size: 2907482 bytes
(epstopdf)             Output file: <fig19-eps-converted-to.pdf>
(epstopdf)                    date: 2018-09-14 21:11:37
(epstopdf)                    size: 109004 bytes
(epstopdf)             Command: <repstopdf --outfile=fig19-eps-converted-to.pdf
 fig19.eps>
(epstopdf)             \includegraphics on input line 2041.
Package epstopdf Info: Output file is already uptodate.
<fig19-eps-converted-to.pdf, id=576, 1517.67pt x 758.835pt>
File: fig19-eps-converted-to.pdf Graphic file (type pdf)
<use fig19-eps-converted-to.pdf>
Package pdftex.def Info: fig19-eps-converted-to.pdf  used on input line 2041.
(pdftex.def)             Requested size: 340.0pt x 170.00104pt.

Underfull \hbox (badness 10000) in paragraph at lines 2039--2047

 []


Underfull \hbox (badness 10000) in paragraph at lines 2039--2047

 []


Underfull \hbox (badness 10000) in paragraph at lines 2050--2054

 []


Underfull \hbox (badness 10000) in paragraph at lines 2063--2067

 []

[30 <./fig19-eps-converted-to.pdf>]
Underfull \hbox (badness 10000) in paragraph at lines 2069--2072

 []


Underfull \hbox (badness 10000) in paragraph at lines 2075--2081

 []


Underfull \hbox (badness 10000) in paragraph at lines 2075--2081

 []


Underfull \hbox (badness 10000) in paragraph at lines 2084--2090

 []


Underfull \hbox (badness 10000) in paragraph at lines 2084--2090

 []


Underfull \hbox (badness 10000) in paragraph at lines 2093--2099

 []


Underfull \hbox (badness 10000) in paragraph at lines 2093--2099

 []


Underfull \hbox (badness 10000) in paragraph at lines 2102--2108

 []


Underfull \hbox (badness 10000) in paragraph at lines 2102--2108

 []


Underfull \hbox (badness 10000) in paragraph at lines 2111--2117

 []


Underfull \hbox (badness 10000) in paragraph at lines 2111--2117

 []


Underfull \hbox (badness 10000) in paragraph at lines 2120--2125

 []


Underfull \hbox (badness 10000) in paragraph at lines 2120--2125

 []


Underfull \hbox (badness 10000) in paragraph at lines 2130--2135

 []


Underfull \hbox (badness 10000) in paragraph at lines 2130--2135

 []


Underfull \hbox (badness 10000) in paragraph at lines 2138--2142

 []


Underfull \hbox (badness 10000) in paragraph at lines 2145--2149

 []

[31]
Underfull \hbox (badness 10000) in paragraph at lines 2154--2161

 []


Underfull \hbox (badness 10000) in paragraph at lines 2178--2183

 []


Underfull \hbox (badness 10000) in paragraph at lines 2178--2183

 []


Underfull \hbox (badness 10000) in paragraph at lines 2200--2207

 []


Underfull \hbox (badness 10000) in paragraph at lines 2210--2215

 []


Underfull \hbox (badness 10000) in paragraph at lines 2218--2223

 []


Underfull \hbox (badness 10000) in paragraph at lines 2224--2228

 []


Underfull \hbox (badness 10000) in paragraph at lines 2231--2236

 []


Underfull \hbox (badness 10000) in paragraph at lines 2239--2244

 []


Underfull \hbox (badness 10000) in paragraph at lines 2254--2261

 []


Underfull \hbox (badness 10000) in paragraph at lines 2254--2261

 []


Underfull \hbox (badness 10000) in paragraph at lines 2254--2261

 []

[32]
Underfull \hbox (badness 10000) in paragraph at lines 2264--2268

 []


Underfull \hbox (badness 10000) in paragraph at lines 2271--2275

 []


Underfull \hbox (badness 10000) in paragraph at lines 2278--2282

 []

Package epstopdf Info: Source file: <fig21.eps>
(epstopdf)                    date: 2018-09-15 14:38:12
(epstopdf)                    size: 3321782 bytes
(epstopdf)             Output file: <fig21-eps-converted-to.pdf>
(epstopdf)                    date: 2018-09-15 14:38:25
(epstopdf)                    size: 222139 bytes
(epstopdf)             Command: <repstopdf --outfile=fig21-eps-converted-to.pdf
 fig21.eps>
(epstopdf)             \includegraphics on input line 2307.
Package epstopdf Info: Output file is already uptodate.
<fig21-eps-converted-to.pdf, id=596, 1711.39375pt x 708.6475pt>
File: fig21-eps-converted-to.pdf Graphic file (type pdf)
<use fig21-eps-converted-to.pdf>
Package pdftex.def Info: fig21-eps-converted-to.pdf  used on input line 2307.
(pdftex.def)             Requested size: 340.0pt x 140.78625pt.

Underfull \hbox (badness 10000) in paragraph at lines 2283--2311

 []


Underfull \hbox (badness 10000) in paragraph at lines 2283--2311

 []


Underfull \hbox (badness 10000) in paragraph at lines 2283--2311

 []


Underfull \hbox (badness 10000) in paragraph at lines 2283--2311

 []


Underfull \hbox (badness 10000) in paragraph at lines 2283--2311

 []


Underfull \hbox (badness 10000) in paragraph at lines 2283--2311

 []


Underfull \hbox (badness 10000) in paragraph at lines 2283--2311

 []


Underfull \hbox (badness 10000) in paragraph at lines 2312--2316

 []


Underfull \hbox (badness 10000) in paragraph at lines 2319--2323

 []


Underfull \hbox (badness 10000) in paragraph at lines 2326--2330

 []


Underfull \hbox (badness 10000) in paragraph at lines 2333--2337

 []


Underfull \hbox (badness 10000) in paragraph at lines 2340--2344

 []

Package epstopdf Info: Source file: <fig22.eps>
(epstopdf)                    date: 2018-09-15 14:37:16
(epstopdf)                    size: 3026002 bytes
(epstopdf)             Output file: <fig22-eps-converted-to.pdf>
(epstopdf)                    date: 2018-09-15 14:39:17
(epstopdf)                    size: 245046 bytes
(epstopdf)             Command: <repstopdf --outfile=fig22-eps-converted-to.pdf
 fig22.eps>
(epstopdf)             \includegraphics on input line 2350.
Package epstopdf Info: Output file is already uptodate.
<fig22-eps-converted-to.pdf, id=597, 1557.82pt x 666.49pt>
File: fig22-eps-converted-to.pdf Graphic file (type pdf)
<use fig22-eps-converted-to.pdf>
Package pdftex.def Info: fig22-eps-converted-to.pdf  used on input line 2350.
(pdftex.def)             Requested size: 340.0pt x 145.45872pt.

Underfull \hbox (badness 10000) in paragraph at lines 2345--2354

 []


Underfull \hbox (badness 10000) in paragraph at lines 2345--2354

 []


Underfull \hbox (badness 10000) in paragraph at lines 2345--2354

 []

[33 <./fig21-eps-converted-to.pdf>]
Underfull \hbox (badness 10000) in paragraph at lines 2360--2378

 []


Underfull \hbox (badness 10000) in paragraph at lines 2360--2378

 []


Underfull \hbox (badness 10000) in paragraph at lines 2360--2378

 []


Underfull \hbox (badness 10000) in paragraph at lines 2360--2378

 []


Underfull \hbox (badness 10000) in paragraph at lines 2360--2378

 []


Underfull \hbox (badness 10000) in paragraph at lines 2360--2378

 []


Underfull \hbox (badness 10000) in paragraph at lines 2360--2378

 []


Underfull \hbox (badness 10000) in paragraph at lines 2360--2378

 []

[34 <./fig22-eps-converted-to.pdf>]
Package epstopdf Info: Source file: <fig23.eps>
(epstopdf)                    date: 2018-09-15 15:24:27
(epstopdf)                    size: 2631210 bytes
(epstopdf)             Output file: <fig23-eps-converted-to.pdf>
(epstopdf)                    date: 2018-09-15 15:24:36
(epstopdf)                    size: 101269 bytes
(epstopdf)             Command: <repstopdf --outfile=fig23-eps-converted-to.pdf
 fig23.eps>
(epstopdf)             \includegraphics on input line 2384.
Package epstopdf Info: Output file is already uptodate.
<fig23-eps-converted-to.pdf, id=618, 1618.045pt x 614.295pt>
File: fig23-eps-converted-to.pdf Graphic file (type pdf)
<use fig23-eps-converted-to.pdf>
Package pdftex.def Info: fig23-eps-converted-to.pdf  used on input line 2384.
(pdftex.def)             Requested size: 360.0pt x 136.67317pt.

Underfull \hbox (badness 10000) in paragraph at lines 2379--2391

 []


Underfull \hbox (badness 10000) in paragraph at lines 2379--2391

 []


Underfull \hbox (badness 10000) in paragraph at lines 2379--2391

 []


Underfull \hbox (badness 10000) in paragraph at lines 2379--2391

 []


Underfull \hbox (badness 10000) in paragraph at lines 2394--2398

 []


Underfull \hbox (badness 10000) in paragraph at lines 2401--2405

 []


Underfull \hbox (badness 10000) in paragraph at lines 2408--2412

 []


Underfull \hbox (badness 10000) in paragraph at lines 2415--2419

 []


Underfull \hbox (badness 10000) in paragraph at lines 2422--2426

 []


Underfull \hbox (badness 10000) in paragraph at lines 2429--2433

 []


Underfull \hbox (badness 10000) in paragraph at lines 2444--2450

 []


Underfull \hbox (badness 10000) in paragraph at lines 2444--2450

 []

[35 <./fig23-eps-converted-to.pdf>]
Underfull \hbox (badness 10000) in paragraph at lines 2453--2459

 []


Underfull \hbox (badness 10000) in paragraph at lines 2453--2459

 []


Underfull \hbox (badness 10000) in paragraph at lines 2462--2466

 []

[36]
Underfull \hbox (badness 10000) in paragraph at lines 2473--2476

 []


Underfull \hbox (badness 10000) in paragraph at lines 2480--2483

 []


Underfull \hbox (badness 10000) in paragraph at lines 2487--2490

 []


Underfull \hbox (badness 10000) in paragraph at lines 2494--2497

 []


Underfull \hbox (badness 10000) in paragraph at lines 2501--2504

 []


Underfull \hbox (badness 10000) in paragraph at lines 2508--2511

 []


Underfull \hbox (badness 10000) in paragraph at lines 2515--2518

 []


Underfull \hbox (badness 10000) in paragraph at lines 2522--2525

 []


Underfull \hbox (badness 10000) in paragraph at lines 2529--2532

 []


Underfull \hbox (badness 10000) in paragraph at lines 2536--2539

 []


Underfull \hbox (badness 10000) in paragraph at lines 2543--2546

 []


Underfull \hbox (badness 10000) in paragraph at lines 2550--2553

 []


Underfull \hbox (badness 10000) in paragraph at lines 2557--2560

 []


Underfull \hbox (badness 10000) in paragraph at lines 2564--2567

 []


Underfull \hbox (badness 10000) in paragraph at lines 2571--2574

 []


Underfull \hbox (badness 10000) in paragraph at lines 2578--2581

 []


Underfull \hbox (badness 10000) in paragraph at lines 2585--2588

 []


Underfull \hbox (badness 10000) in paragraph at lines 2592--2595

 []


Underfull \hbox (badness 10000) in paragraph at lines 2599--2602

 []


Underfull \hbox (badness 10000) in paragraph at lines 2606--2609

 []


Underfull \hbox (badness 10000) in paragraph at lines 2613--2616

 []


Underfull \hbox (badness 10000) in paragraph at lines 2620--2623

 []


Underfull \hbox (badness 10000) in paragraph at lines 2627--2630

 []

[37]
Underfull \hbox (badness 10000) in paragraph at lines 2634--2637

 []


Underfull \hbox (badness 10000) in paragraph at lines 2641--2644

 []

Package atveryend Info: Empty hook `BeforeClearDocument' on input line 2653.
[38]
Package atveryend Info: Empty hook `AfterLastShipout' on input line 2653.
 (./WhitePaper_EN-1.aux)
Package atveryend Info: Executing hook `AtVeryEndDocument' on input line 2653.
Package atveryend Info: Executing hook `AtEndAfterFileList' on input line 2653.

Package rerunfilecheck Info: File `WhitePaper_EN-1.out' has not changed.
(rerunfilecheck)             Checksum: FF49AF8B8B7895AFDB6DDE0C661D935C;2910.
Package atveryend Info: Empty hook `AtVeryVeryEnd' on input line 2653.
 ) 
Here is how much of TeX's memory you used:
 11794 strings out of 492649
 175560 string characters out of 6129621
 312881 words of memory out of 5000000
 15132 multiletter control sequences out of 15000+600000
 44263 words of font info for 247 fonts, out of 8000000 for 9000
 1141 hyphenation exceptions out of 8191
 31i,14n,38p,1593b,526s stack positions out of 5000i,500n,10000p,200000b,80000s
{/usr/local/texlive/2018/texmf-dist/fonts/enc/dvips/base/8r.enc}</usr/local/t
exlive/2018/texmf-dist/fonts/type1/public/pxfonts/pxex.pfb></usr/local/texlive/
2018/texmf-dist/fonts/type1/public/pxfonts/pxsy.pfb></usr/local/texlive/2018/te
xmf-dist/fonts/type1/public/pxfonts/pxsya.pfb></usr/local/texlive/2018/texmf-di
st/fonts/type1/public/pxfonts/pxsyb.pfb></usr/local/texlive/2018/texmf-dist/fon
ts/type1/public/pxfonts/rpxb.pfb></usr/local/texlive/2018/texmf-dist/fonts/type
1/public/pxfonts/rpxi.pfb></usr/local/texlive/2018/texmf-dist/fonts/type1/publi
c/pxfonts/rpxmi.pfb></usr/local/texlive/2018/texmf-dist/fonts/type1/public/pxfo
nts/rpxr.pfb></usr/local/texlive/2018/texmf-dist/fonts/type1/urw/palatino/uplb8
a.pfb></usr/local/texlive/2018/texmf-dist/fonts/type1/urw/palatino/uplr8a.pfb><
/usr/local/texlive/2018/texmf-dist/fonts/type1/urw/palatino/uplri8a.pfb>
Output written on WhitePaper_EN-1.pdf (38 pages, 4472259 bytes).
PDF statistics:
 717 PDF objects out of 1000 (max. 8388607)
 554 compressed objects within 6 object streams
 137 named destinations out of 1000 (max. 500000)
 31687 words of extra memory for PDF output out of 35830 (max. 10000000)

