\BOOKMARK [1][-]{section.1}{Introduction}{}% 1
\BOOKMARK [1][-]{section.2}{Solution}{}% 2
\BOOKMARK [2][-]{subsection.2.1}{Technology Highlights}{section.2}% 3
\BOOKMARK [2][-]{subsection.2.2}{P2P Network}{section.2}% 4
\BOOKMARK [3][-]{subsubsection.2.2.1}{Data Driven Scheduling}{subsection.2.2}% 5
\BOOKMARK [3][-]{subsubsection.2.2.2}{Distributed Database and Routing}{subsection.2.2}% 6
\BOOKMARK [3][-]{subsubsection.2.2.3}{P2P Self-organizing Overlay networks}{subsection.2.2}% 7
\BOOKMARK [3][-]{subsubsection.2.2.4}{Optimized Distribution of Popular Content}{subsection.2.2}% 8
\BOOKMARK [3][-]{subsubsection.2.2.5}{ISP Friendly Scheduling}{subsection.2.2}% 9
\BOOKMARK [3][-]{subsubsection.2.2.6}{PCDN}{subsection.2.2}% 10
\BOOKMARK [2][-]{subsection.2.3}{Proofs}{section.2}% 11
\BOOKMARK [3][-]{subsubsection.2.3.1}{Proof-of-Replication \(PoRep\)}{subsection.2.3}% 12
\BOOKMARK [3][-]{subsubsection.2.3.2}{Proof-of-Download \(PoD\)}{subsection.2.3}% 13
\BOOKMARK [3][-]{subsubsection.2.3.3}{Proof-of-Spacetime \(PoSt\)}{subsection.2.3}% 14
\BOOKMARK [3][-]{subsubsection.2.3.4}{Light-Proof-of-Capacity \(LPoC\)}{subsection.2.3}% 15
\BOOKMARK [2][-]{subsection.2.4}{Consensus}{section.2}% 16
\BOOKMARK [3][-]{subsubsection.2.4.1}{Power of Miners}{subsection.2.4}% 17
\BOOKMARK [3][-]{subsubsection.2.4.2}{Verifiable Random Function \(VRF\)}{subsection.2.4}% 18
\BOOKMARK [3][-]{subsubsection.2.4.3}{Byzantine Fault Tolerance \(BFT\)}{subsection.2.4}% 19
\BOOKMARK [3][-]{subsubsection.2.4.4}{PVFT Consensus}{subsection.2.4}% 20
\BOOKMARK [1][-]{section.3}{Architecture}{}% 21
\BOOKMARK [2][-]{subsection.3.1}{Physical Layer}{section.3}% 22
\BOOKMARK [2][-]{subsection.3.2}{Data Layer}{section.3}% 23
\BOOKMARK [2][-]{subsection.3.3}{Network Layer}{section.3}% 24
\BOOKMARK [2][-]{subsection.3.4}{Consensus Layer}{section.3}% 25
\BOOKMARK [2][-]{subsection.3.5}{Incentive Layer}{section.3}% 26
\BOOKMARK [2][-]{subsection.3.6}{Interface Layer}{section.3}% 27
\BOOKMARK [2][-]{subsection.3.7}{Application Layer}{section.3}% 28
\BOOKMARK [1][-]{section.4}{Security}{}% 29
\BOOKMARK [2][-]{subsection.4.1}{Sybil Attacks}{section.4}% 30
\BOOKMARK [2][-]{subsection.4.2}{Outsourcing Attacks}{section.4}% 31
\BOOKMARK [2][-]{subsection.4.3}{Generation Attacks}{section.4}% 32
\BOOKMARK [2][-]{subsection.4.4}{Distributed Denial of Service Attacks}{section.4}% 33
\BOOKMARK [2][-]{subsection.4.5}{Eclipse Attacks}{section.4}% 34
\BOOKMARK [1][-]{section.5}{Ecosystem}{}% 35
\BOOKMARK [2][-]{subsection.5.1}{Roles}{section.5}% 36
\BOOKMARK [2][-]{subsection.5.2}{Mining}{section.5}% 37
\BOOKMARK [2][-]{subsection.5.3}{Smart Contract}{section.5}% 38
\BOOKMARK [2][-]{subsection.5.4}{Gas}{section.5}% 39
\BOOKMARK [2][-]{subsection.5.5}{Gas Price}{section.5}% 40
\BOOKMARK [2][-]{subsection.5.6}{Coin Pool}{section.5}% 41
\BOOKMARK [1][-]{section.6}{Future}{}% 42
\BOOKMARK [1][-]{section.7}{REFERENCES}{}% 43
